0 info it worked if it ends with ok
1 verbose cli [ 'C:\\Program Files\\nodejs\\node.exe',
1 verbose cli   'C:\\Program Files\\nodejs\\node_modules\\npm\\bin\\npm-cli.js',
1 verbose cli   'version',
1 verbose cli   'express-generator' ]
2 info using npm@2.14.12
3 info using node@v4.2.4
4 error version No valid package.json found
5 verbose stack SyntaxError: Unexpected token u
5 verbose stack     at Object.parse (native)
5 verbose stack     at ReadFileContext.<anonymous> (C:\Program Files\nodejs\node_modules\npm\lib\version.js:35:19)
5 verbose stack     at ReadFileContext.callback (C:\Program Files\nodejs\node_modules\npm\node_modules\graceful-fs\graceful-fs.js:76:16)
5 verbose stack     at FSReqWrap.readFileAfterOpen [as oncomplete] (fs.js:303:13)
6 verbose cwd C:\Users\Francesco\Dropbox\html\mean_tutorial_thinkster.io
7 error Windows_NT 6.3.9600
8 error argv "C:\\Program Files\\nodejs\\node.exe" "C:\\Program Files\\nodejs\\node_modules\\npm\\bin\\npm-cli.js" "version" "express-generator"
9 error node v4.2.4
10 error npm  v2.14.12
11 error Unexpected token u
12 error If you need help, you may report this error at:
12 error     <https://github.com/npm/npm/issues>
13 verbose exit [ 1, true ]
